
2022-05-29 21:27:22.276213 ~ Model v1
RandomForestClassifier: 0.646875
LogisticRegression: 0.646875
LinearDiscriminantAnalysis: 0.646875
KNeighborsClassifier: 0.521875
DecisionTreeClassifier: 0.646875
SVC: 0.646875
GaussianNB: 0.646875
VotingClassifier: 0.646875

--------------------


2022-05-29 21:29:24.098631 ~ Model v2
RandomForestClassifier: 0.6015625
LogisticRegression: 0.6015625
LinearDiscriminantAnalysis: 0.6015625
KNeighborsClassifier: 0.6015625
DecisionTreeClassifier: 0.6015625
SVC: 0.6015625
GaussianNB: 0.6015625
VotingClassifier: 0.6015625

--------------------


2022-05-29 21:33:06.005000 ~ Model v3
RandomForestClassifier: 0.58203125
LogisticRegression: 0.58203125
LinearDiscriminantAnalysis: 0.58203125
KNeighborsClassifier: 0.58203125
DecisionTreeClassifier: 0.58203125
SVC: 0.58203125
GaussianNB: 0.58203125
VotingClassifier: 0.58203125

--------------------


2022-05-29 21:35:10.618906 ~ Model v4
RandomForestClassifier: 0.6953125
LogisticRegression: 0.6953125
LinearDiscriminantAnalysis: 0.6953125
KNeighborsClassifier: 0.6953125
DecisionTreeClassifier: 0.6953125
SVC: 0.6953125
GaussianNB: 0.6953125
VotingClassifier: 0.6953125

--------------------


2022-05-29 21:39:15.300396 ~ Model v5
RandomForestClassifier: 0.625
LogisticRegression: 0.625
LinearDiscriminantAnalysis: 0.625
KNeighborsClassifier: 0.625
DecisionTreeClassifier: 0.625
SVC: 0.625
GaussianNB: 0.625
VotingClassifier: 0.625

--------------------


2022-05-29 21:41:17.378704 ~ Model v6
RandomForestClassifier: 0.8515625
LogisticRegression: 0.8515625
LinearDiscriminantAnalysis: 0.8515625
KNeighborsClassifier: 0.8515625
DecisionTreeClassifier: 0.8515625
SVC: 0.8515625
GaussianNB: 0.8515625
VotingClassifier: 0.8515625

--------------------


2022-05-29 21:45:19.826147 ~ Model v7
RandomForestClassifier: 0.6875
LogisticRegression: 0.6875
LinearDiscriminantAnalysis: 0.6875
KNeighborsClassifier: 0.6875
DecisionTreeClassifier: 0.6875
SVC: 0.6875
GaussianNB: 0.6875
VotingClassifier: 0.6875

--------------------


2022-05-29 21:45:49.346393 ~ Model v8
RandomForestClassifier: 0.53125
LogisticRegression: 0.625
LinearDiscriminantAnalysis: 0.625
KNeighborsClassifier: 0.53125
DecisionTreeClassifier: 0.53125
SVC: 0.625
GaussianNB: 0.53125
VotingClassifier: 0.625
