
2022-05-27 23:54:22.784944 ~ Model v1
SVC: 0.85
LogisticRegression: 0.95
RandomForestClassifier: 1.0
LinearDiscriminantAnalysis: 0.95
KNeighborsClassifier: 0.8125
DecisionTreeClassifier: 1.0
GaussianNB: 0.9625
VotingClassifier: 0.975

--------------------


2022-05-27 23:54:25.851753 ~ Model v2
SVC: 1.0
LogisticRegression: 0.75
RandomForestClassifier: 1.0
LinearDiscriminantAnalysis: 0.75
KNeighborsClassifier: 0.75
DecisionTreeClassifier: 0.75
GaussianNB: 1.0
VotingClassifier: 1.0

--------------------


2022-05-27 23:54:30.374530 ~ Model v3
SVC: 1.0
LogisticRegression: 1.0
RandomForestClassifier: 1.0
LinearDiscriminantAnalysis: 0.875
KNeighborsClassifier: 1.0
DecisionTreeClassifier: 1.0
GaussianNB: 1.0
VotingClassifier: 1.0

--------------------


2022-05-27 23:54:47.289342 ~ Model v4
SVC: 1.0
LogisticRegression: 1.0
RandomForestClassifier: 1.0
LinearDiscriminantAnalysis: 1.0
KNeighborsClassifier: 0.96875
DecisionTreeClassifier: 1.0
GaussianNB: 1.0
VotingClassifier: 1.0

--------------------


2022-05-27 23:55:04.212521 ~ Model v5
SVC: 1.0
LogisticRegression: 1.0
RandomForestClassifier: 1.0
LinearDiscriminantAnalysis: 1.0
KNeighborsClassifier: 1.0
DecisionTreeClassifier: 1.0
GaussianNB: 1.0
VotingClassifier: 1.0
