
2022-05-28 20:42:53.790666 ~ Model v1
SVC: 0.998828125
LogisticRegression: 0.998828125
RandomForestClassifier: 0.998828125
LinearDiscriminantAnalysis: 0.9984375
KNeighborsClassifier: 0.998828125
DecisionTreeClassifier: 0.9984375
GaussianNB: 0.11484375
VotingClassifier: 0.998828125

--------------------


2022-05-28 20:43:31.017439 ~ Model v2
SVC: 0.953125
LogisticRegression: 0.953125
RandomForestClassifier: 0.953125
LinearDiscriminantAnalysis: 0.953125
KNeighborsClassifier: 0.953125
DecisionTreeClassifier: 0.953125
GaussianNB: 0.96875
VotingClassifier: 0.953125

--------------------


2022-05-28 20:43:36.007982 ~ Model v3
SVC: 1.0
LogisticRegression: 1.0
RandomForestClassifier: 1.0
LinearDiscriminantAnalysis: 1.0
KNeighborsClassifier: 1.0
DecisionTreeClassifier: 1.0
GaussianNB: 1.0
VotingClassifier: 1.0

--------------------


2022-05-28 20:43:45.311048 ~ Model v4
SVC: 0.8125
LogisticRegression: 0.8125
RandomForestClassifier: 0.8125
LinearDiscriminantAnalysis: 0.8125
KNeighborsClassifier: 0.8125
DecisionTreeClassifier: 0.8125
GaussianNB: 0.75
VotingClassifier: 0.8125

--------------------


2022-05-28 20:43:48.152103 ~ Model v5
SVC: 0.25
LogisticRegression: 0.5
RandomForestClassifier: 0.5
LinearDiscriminantAnalysis: 0.5
KNeighborsClassifier: 0.75
DecisionTreeClassifier: 0.25
GaussianNB: 0.75
VotingClassifier: 0.75

--------------------


2022-05-28 20:43:50.916865 ~ Model v6
SVC: 0.75
LogisticRegression: 0.5
RandomForestClassifier: 0.5
LinearDiscriminantAnalysis: 0.25
KNeighborsClassifier: 0.5
DecisionTreeClassifier: 0.5
GaussianNB: 0.25
VotingClassifier: 0.5

--------------------


2022-05-28 20:43:53.626737 ~ Model v7
SVC: 0.75
LogisticRegression: 0.25
RandomForestClassifier: 0.5
LinearDiscriminantAnalysis: 0.25
KNeighborsClassifier: 0.5
DecisionTreeClassifier: 0.25
GaussianNB: 0.25
VotingClassifier: 0.25

--------------------


2022-05-28 20:43:56.331866 ~ Model v8
SVC: 0.75
LogisticRegression: 1.0
RandomForestClassifier: 0.5
LinearDiscriminantAnalysis: 1.0
KNeighborsClassifier: 0.5
DecisionTreeClassifier: 0.5
GaussianNB: 0.25
VotingClassifier: 0.5

--------------------


2022-05-28 20:43:59.078462 ~ Model v9
SVC: 0.5
LogisticRegression: 0.5
RandomForestClassifier: 0.5
LinearDiscriminantAnalysis: 0.5
KNeighborsClassifier: 0.25
DecisionTreeClassifier: 0.5
GaussianNB: 0.5
VotingClassifier: 0.5

--------------------


2022-05-28 20:44:01.833840 ~ Model v10
SVC: 1.0
LogisticRegression: 0.75
RandomForestClassifier: 1.0
LinearDiscriminantAnalysis: 1.0
KNeighborsClassifier: 0.75
DecisionTreeClassifier: 1.0
GaussianNB: 1.0
VotingClassifier: 1.0

--------------------


2022-05-28 20:44:04.581241 ~ Model v11
SVC: 1.0
LogisticRegression: 1.0
RandomForestClassifier: 1.0
LinearDiscriminantAnalysis: 1.0
KNeighborsClassifier: 1.0
DecisionTreeClassifier: 1.0
GaussianNB: 1.0
VotingClassifier: 1.0

--------------------


2022-05-28 20:44:07.294670 ~ Model v12
SVC: 0.75
LogisticRegression: 0.75
RandomForestClassifier: 0.75
LinearDiscriminantAnalysis: 0.75
KNeighborsClassifier: 0.5
DecisionTreeClassifier: 0.75
GaussianNB: 0.25
VotingClassifier: 0.75

--------------------


2022-05-28 20:44:10.097507 ~ Model v13
SVC: 1.0
LogisticRegression: 0.75
RandomForestClassifier: 0.75
LinearDiscriminantAnalysis: 1.0
KNeighborsClassifier: 0.75
DecisionTreeClassifier: 0.75
GaussianNB: 1.0
VotingClassifier: 0.75

--------------------


2022-05-28 20:44:15.030880 ~ Model v14
SVC: 1.0
LogisticRegression: 1.0
RandomForestClassifier: 1.0
LinearDiscriminantAnalysis: 1.0
KNeighborsClassifier: 1.0
DecisionTreeClassifier: 1.0
GaussianNB: 1.0
VotingClassifier: 1.0

--------------------


2022-05-28 20:44:17.834162 ~ Model v15
SVC: 1.0
LogisticRegression: 1.0
RandomForestClassifier: 1.0
LinearDiscriminantAnalysis: 0.75
KNeighborsClassifier: 0.75
DecisionTreeClassifier: 1.0
GaussianNB: 1.0
VotingClassifier: 1.0

--------------------


2022-05-28 20:44:22.720287 ~ Model v16
SVC: 1.0
LogisticRegression: 1.0
RandomForestClassifier: 1.0
LinearDiscriminantAnalysis: 1.0
KNeighborsClassifier: 0.875
DecisionTreeClassifier: 0.875
GaussianNB: 0.25
VotingClassifier: 1.0

--------------------


2022-05-28 20:44:25.461089 ~ Model v17
SVC: 1.0
LogisticRegression: 1.0
RandomForestClassifier: 1.0
LinearDiscriminantAnalysis: 1.0
KNeighborsClassifier: 0.75
DecisionTreeClassifier: 0.5
GaussianNB: 0.0
VotingClassifier: 1.0

--------------------


2022-05-28 20:44:30.434902 ~ Model v18
SVC: 1.0
LogisticRegression: 1.0
RandomForestClassifier: 1.0
LinearDiscriminantAnalysis: 1.0
KNeighborsClassifier: 1.0
DecisionTreeClassifier: 1.0
GaussianNB: 1.0
VotingClassifier: 1.0

--------------------


2022-05-28 20:44:33.170961 ~ Model v19
SVC: 1.0
LogisticRegression: 1.0
RandomForestClassifier: 1.0
LinearDiscriminantAnalysis: 1.0
KNeighborsClassifier: 1.0
DecisionTreeClassifier: 1.0
GaussianNB: 1.0
VotingClassifier: 1.0

--------------------


2022-05-28 20:44:35.924057 ~ Model v20
SVC: 1.0
LogisticRegression: 1.0
RandomForestClassifier: 1.0
LinearDiscriminantAnalysis: 1.0
KNeighborsClassifier: 0.75
DecisionTreeClassifier: 0.75
GaussianNB: 1.0
VotingClassifier: 1.0

--------------------


2022-05-28 20:44:38.723022 ~ Model v21
SVC: 1.0
LogisticRegression: 1.0
RandomForestClassifier: 1.0
LinearDiscriminantAnalysis: 1.0
KNeighborsClassifier: 0.5
DecisionTreeClassifier: 1.0
GaussianNB: 0.25
VotingClassifier: 1.0

--------------------


2022-05-28 20:44:48.152731 ~ Model v22
SVC: 0.875
LogisticRegression: 0.8125
RandomForestClassifier: 0.875
LinearDiscriminantAnalysis: 0.75
KNeighborsClassifier: 0.6875
DecisionTreeClassifier: 0.875
GaussianNB: 0.6875
VotingClassifier: 0.875

--------------------


2022-05-28 20:44:53.117737 ~ Model v23
SVC: 1.0
LogisticRegression: 1.0
RandomForestClassifier: 1.0
LinearDiscriminantAnalysis: 1.0
KNeighborsClassifier: 1.0
DecisionTreeClassifier: 1.0
GaussianNB: 1.0
VotingClassifier: 1.0

--------------------


2022-05-28 20:44:55.904780 ~ Model v24
SVC: 1.0
LogisticRegression: 0.75
RandomForestClassifier: 1.0
LinearDiscriminantAnalysis: 0.75
KNeighborsClassifier: 0.75
DecisionTreeClassifier: 1.0
GaussianNB: 1.0
VotingClassifier: 1.0

--------------------


2022-05-28 20:44:58.808648 ~ Model v25
SVC: 1.0
LogisticRegression: 0.75
RandomForestClassifier: 1.0
LinearDiscriminantAnalysis: 1.0
KNeighborsClassifier: 0.75
DecisionTreeClassifier: 0.75
GaussianNB: 1.0
VotingClassifier: 0.75

--------------------


2022-05-28 20:45:01.727987 ~ Model v26
SVC: 1.0
LogisticRegression: 1.0
RandomForestClassifier: 1.0
LinearDiscriminantAnalysis: 1.0
KNeighborsClassifier: 0.75
DecisionTreeClassifier: 1.0
GaussianNB: 1.0
VotingClassifier: 1.0

--------------------


2022-05-28 20:45:06.753271 ~ Model v27
SVC: 0.875
LogisticRegression: 0.875
RandomForestClassifier: 0.875
LinearDiscriminantAnalysis: 0.875
KNeighborsClassifier: 0.875
DecisionTreeClassifier: 0.875
GaussianNB: 0.875
VotingClassifier: 0.875

--------------------


2022-05-28 20:45:09.530868 ~ Model v28
SVC: 0.75
LogisticRegression: 0.5
RandomForestClassifier: 0.5
LinearDiscriminantAnalysis: 0.75
KNeighborsClassifier: 0.5
DecisionTreeClassifier: 0.75
GaussianNB: 0.75
VotingClassifier: 0.5

--------------------


2022-05-28 20:45:12.268462 ~ Model v29
SVC: 1.0
LogisticRegression: 1.0
RandomForestClassifier: 1.0
LinearDiscriminantAnalysis: 1.0
KNeighborsClassifier: 1.0
DecisionTreeClassifier: 1.0
GaussianNB: 1.0
VotingClassifier: 1.0

--------------------


2022-05-28 20:45:15.035329 ~ Model v30
SVC: 1.0
LogisticRegression: 1.0
RandomForestClassifier: 1.0
LinearDiscriminantAnalysis: 1.0
KNeighborsClassifier: 1.0
DecisionTreeClassifier: 1.0
GaussianNB: 1.0
VotingClassifier: 1.0

--------------------


2022-05-28 20:45:17.800298 ~ Model v31
SVC: 0.75
LogisticRegression: 0.75
RandomForestClassifier: 0.75
LinearDiscriminantAnalysis: 0.75
KNeighborsClassifier: 0.75
DecisionTreeClassifier: 0.75
GaussianNB: 0.75
VotingClassifier: 0.75

--------------------


2022-05-28 20:45:22.789998 ~ Model v32
SVC: 1.0
LogisticRegression: 1.0
RandomForestClassifier: 0.875
LinearDiscriminantAnalysis: 1.0
KNeighborsClassifier: 0.875
DecisionTreeClassifier: 0.875
GaussianNB: 0.125
VotingClassifier: 0.875

--------------------


2022-05-28 20:45:27.748589 ~ Model v33
SVC: 1.0
LogisticRegression: 1.0
RandomForestClassifier: 0.875
LinearDiscriminantAnalysis: 1.0
KNeighborsClassifier: 0.875
DecisionTreeClassifier: 0.875
GaussianNB: 0.875
VotingClassifier: 0.875

--------------------


2022-05-28 20:45:30.587289 ~ Model v34
SVC: 1.0
LogisticRegression: 0.75
RandomForestClassifier: 1.0
LinearDiscriminantAnalysis: 1.0
KNeighborsClassifier: 0.75
DecisionTreeClassifier: 0.75
GaussianNB: 1.0
VotingClassifier: 1.0

--------------------


2022-05-28 20:45:33.351609 ~ Model v35
SVC: 1.0
LogisticRegression: 1.0
RandomForestClassifier: 1.0
LinearDiscriminantAnalysis: 1.0
KNeighborsClassifier: 1.0
DecisionTreeClassifier: 1.0
GaussianNB: 1.0
VotingClassifier: 1.0

--------------------


2022-05-28 20:45:38.298022 ~ Model v36
SVC: 1.0
LogisticRegression: 1.0
RandomForestClassifier: 1.0
LinearDiscriminantAnalysis: 1.0
KNeighborsClassifier: 1.0
DecisionTreeClassifier: 1.0
GaussianNB: 0.5
VotingClassifier: 1.0

--------------------


2022-05-28 20:45:41.145238 ~ Model v37
SVC: 1.0
LogisticRegression: 0.25
RandomForestClassifier: 0.5
LinearDiscriminantAnalysis: 1.0
KNeighborsClassifier: 0.0
DecisionTreeClassifier: 0.5
GaussianNB: 1.0
VotingClassifier: 0.5

--------------------


2022-05-28 20:45:43.980575 ~ Model v38
SVC: 1.0
LogisticRegression: 1.0
RandomForestClassifier: 1.0
LinearDiscriminantAnalysis: 1.0
KNeighborsClassifier: 0.75
DecisionTreeClassifier: 1.0
GaussianNB: 1.0
VotingClassifier: 1.0

--------------------


2022-05-28 20:45:48.938152 ~ Model v39
SVC: 1.0
LogisticRegression: 1.0
RandomForestClassifier: 0.875
LinearDiscriminantAnalysis: 1.0
KNeighborsClassifier: 0.875
DecisionTreeClassifier: 0.875
GaussianNB: 0.75
VotingClassifier: 0.875

--------------------


2022-05-28 20:45:51.735562 ~ Model v40
SVC: 1.0
LogisticRegression: 1.0
RandomForestClassifier: 0.75
LinearDiscriminantAnalysis: 0.75
KNeighborsClassifier: 0.75
DecisionTreeClassifier: 0.75
GaussianNB: 1.0
VotingClassifier: 0.75

--------------------


2022-05-28 20:45:54.511221 ~ Model v41
SVC: 1.0
LogisticRegression: 1.0
RandomForestClassifier: 1.0
LinearDiscriminantAnalysis: 1.0
KNeighborsClassifier: 1.0
DecisionTreeClassifier: 1.0
GaussianNB: 1.0
VotingClassifier: 1.0

--------------------


2022-05-28 20:45:59.568356 ~ Model v42
SVC: 1.0
LogisticRegression: 0.875
RandomForestClassifier: 0.875
LinearDiscriminantAnalysis: 1.0
KNeighborsClassifier: 0.875
DecisionTreeClassifier: 0.875
GaussianNB: 0.875
VotingClassifier: 0.875

--------------------


2022-05-28 20:46:04.691378 ~ Model v43
SVC: 0.875
LogisticRegression: 0.875
RandomForestClassifier: 0.875
LinearDiscriminantAnalysis: 0.875
KNeighborsClassifier: 0.75
DecisionTreeClassifier: 0.875
GaussianNB: 0.875
VotingClassifier: 0.875

--------------------


2022-05-28 20:46:07.572018 ~ Model v44
SVC: 1.0
LogisticRegression: 1.0
RandomForestClassifier: 1.0
LinearDiscriminantAnalysis: 0.75
KNeighborsClassifier: 1.0
DecisionTreeClassifier: 1.0
GaussianNB: 1.0
VotingClassifier: 1.0

--------------------


2022-05-28 20:46:12.655330 ~ Model v45
SVC: 1.0
LogisticRegression: 1.0
RandomForestClassifier: 1.0
LinearDiscriminantAnalysis: 1.0
KNeighborsClassifier: 1.0
DecisionTreeClassifier: 0.875
GaussianNB: 0.375
VotingClassifier: 1.0

--------------------


2022-05-28 20:46:15.493845 ~ Model v46
SVC: 1.0
LogisticRegression: 1.0
RandomForestClassifier: 1.0
LinearDiscriminantAnalysis: 1.0
KNeighborsClassifier: 1.0
DecisionTreeClassifier: 1.0
GaussianNB: 1.0
VotingClassifier: 1.0

--------------------


2022-05-28 20:46:18.336036 ~ Model v47
SVC: 1.0
LogisticRegression: 1.0
RandomForestClassifier: 1.0
LinearDiscriminantAnalysis: 1.0
KNeighborsClassifier: 1.0
DecisionTreeClassifier: 1.0
GaussianNB: 1.0
VotingClassifier: 1.0

--------------------


2022-05-28 20:46:21.150471 ~ Model v48
SVC: 1.0
LogisticRegression: 1.0
RandomForestClassifier: 1.0
LinearDiscriminantAnalysis: 1.0
KNeighborsClassifier: 0.75
DecisionTreeClassifier: 1.0
GaussianNB: 1.0
VotingClassifier: 1.0

--------------------


2022-05-28 20:46:26.252600 ~ Model v49
SVC: 1.0
LogisticRegression: 1.0
RandomForestClassifier: 1.0
LinearDiscriminantAnalysis: 1.0
KNeighborsClassifier: 1.0
DecisionTreeClassifier: 1.0
GaussianNB: 1.0
VotingClassifier: 1.0

--------------------


2022-05-28 20:46:29.117881 ~ Model v50
SVC: 1.0
LogisticRegression: 1.0
RandomForestClassifier: 1.0
LinearDiscriminantAnalysis: 1.0
KNeighborsClassifier: 1.0
DecisionTreeClassifier: 1.0
GaussianNB: 1.0
VotingClassifier: 1.0

--------------------


2022-05-28 20:46:34.157632 ~ Model v51
SVC: 0.875
LogisticRegression: 0.75
RandomForestClassifier: 0.875
LinearDiscriminantAnalysis: 0.875
KNeighborsClassifier: 0.75
DecisionTreeClassifier: 0.75
GaussianNB: 0.875
VotingClassifier: 0.875

--------------------


2022-05-28 20:46:39.245212 ~ Model v52
SVC: 0.875
LogisticRegression: 0.875
RandomForestClassifier: 0.875
LinearDiscriminantAnalysis: 0.75
KNeighborsClassifier: 0.75
DecisionTreeClassifier: 0.875
GaussianNB: 0.875
VotingClassifier: 0.875

--------------------


2022-05-28 20:46:42.098940 ~ Model v53
SVC: 1.0
LogisticRegression: 0.5
RandomForestClassifier: 1.0
LinearDiscriminantAnalysis: 0.5
KNeighborsClassifier: 0.25
DecisionTreeClassifier: 0.5
GaussianNB: 1.0
VotingClassifier: 0.5

--------------------


2022-05-28 20:46:47.195323 ~ Model v54
SVC: 1.0
LogisticRegression: 1.0
RandomForestClassifier: 1.0
LinearDiscriminantAnalysis: 1.0
KNeighborsClassifier: 1.0
DecisionTreeClassifier: 1.0
GaussianNB: 1.0
VotingClassifier: 1.0

--------------------


2022-05-28 20:46:50.038108 ~ Model v55
SVC: 1.0
LogisticRegression: 1.0
RandomForestClassifier: 1.0
LinearDiscriminantAnalysis: 1.0
KNeighborsClassifier: 1.0
DecisionTreeClassifier: 1.0
GaussianNB: 1.0
VotingClassifier: 1.0

--------------------


2022-05-28 20:46:53.032917 ~ Model v56
SVC: 1.0
LogisticRegression: 0.75
RandomForestClassifier: 1.0
LinearDiscriminantAnalysis: 0.75
KNeighborsClassifier: 0.5
DecisionTreeClassifier: 0.75
GaussianNB: 1.0
VotingClassifier: 0.75

--------------------


2022-05-28 20:46:58.193691 ~ Model v57
SVC: 1.0
LogisticRegression: 0.75
RandomForestClassifier: 1.0
LinearDiscriminantAnalysis: 0.875
KNeighborsClassifier: 0.875
DecisionTreeClassifier: 0.875
GaussianNB: 1.0
VotingClassifier: 1.0

--------------------


2022-05-28 20:47:01.132164 ~ Model v58
SVC: 1.0
LogisticRegression: 0.75
RandomForestClassifier: 1.0
LinearDiscriminantAnalysis: 0.75
KNeighborsClassifier: 1.0
DecisionTreeClassifier: 0.75
GaussianNB: 1.0
VotingClassifier: 1.0

--------------------


2022-05-28 20:47:03.969392 ~ Model v59
SVC: 1.0
LogisticRegression: 1.0
RandomForestClassifier: 1.0
LinearDiscriminantAnalysis: 1.0
KNeighborsClassifier: 0.5
DecisionTreeClassifier: 1.0
GaussianNB: 0.75
VotingClassifier: 1.0

--------------------


2022-05-28 20:47:06.918477 ~ Model v60
SVC: 1.0
LogisticRegression: 0.75
RandomForestClassifier: 1.0
LinearDiscriminantAnalysis: 1.0
KNeighborsClassifier: 0.75
DecisionTreeClassifier: 0.75
GaussianNB: 1.0
VotingClassifier: 1.0

--------------------


2022-05-28 20:47:12.018110 ~ Model v61
SVC: 1.0
LogisticRegression: 1.0
RandomForestClassifier: 1.0
LinearDiscriminantAnalysis: 1.0
KNeighborsClassifier: 1.0
DecisionTreeClassifier: 1.0
GaussianNB: 1.0
VotingClassifier: 1.0

--------------------


2022-05-28 20:47:14.887437 ~ Model v62
SVC: 0.75
LogisticRegression: 0.75
RandomForestClassifier: 0.75
LinearDiscriminantAnalysis: 0.75
KNeighborsClassifier: 0.75
DecisionTreeClassifier: 0.75
GaussianNB: 0.75
VotingClassifier: 0.75

--------------------


2022-05-28 20:47:17.745393 ~ Model v63
SVC: 1.0
LogisticRegression: 1.0
RandomForestClassifier: 1.0
LinearDiscriminantAnalysis: 1.0
KNeighborsClassifier: 1.0
DecisionTreeClassifier: 1.0
GaussianNB: 1.0
VotingClassifier: 1.0

--------------------


2022-05-28 20:47:27.343187 ~ Model v64
SVC: 0.9375
LogisticRegression: 0.9375
RandomForestClassifier: 0.9375
LinearDiscriminantAnalysis: 0.9375
KNeighborsClassifier: 0.875
DecisionTreeClassifier: 0.875
GaussianNB: 0.875
VotingClassifier: 0.9375

--------------------


2022-05-28 20:47:32.549758 ~ Model v65
SVC: 1.0
LogisticRegression: 1.0
RandomForestClassifier: 1.0
LinearDiscriminantAnalysis: 1.0
KNeighborsClassifier: 0.875
DecisionTreeClassifier: 1.0
GaussianNB: 0.125
VotingClassifier: 1.0

--------------------


2022-05-28 20:47:35.646534 ~ Model v66
SVC: 1.0
LogisticRegression: 1.0
RandomForestClassifier: 1.0
LinearDiscriminantAnalysis: 1.0
KNeighborsClassifier: 1.0
DecisionTreeClassifier: 1.0
GaussianNB: 0.5
VotingClassifier: 1.0

--------------------


2022-05-28 20:47:38.615710 ~ Model v67
SVC: 1.0
LogisticRegression: 1.0
RandomForestClassifier: 1.0
LinearDiscriminantAnalysis: 1.0
KNeighborsClassifier: 0.75
DecisionTreeClassifier: 1.0
GaussianNB: 1.0
VotingClassifier: 1.0

--------------------


2022-05-28 20:47:41.661863 ~ Model v68
SVC: 1.0
LogisticRegression: 1.0
RandomForestClassifier: 1.0
LinearDiscriminantAnalysis: 1.0
KNeighborsClassifier: 0.75
DecisionTreeClassifier: 1.0
GaussianNB: 1.0
VotingClassifier: 1.0

--------------------


2022-05-28 20:47:51.343720 ~ Model v69
SVC: 0.875
LogisticRegression: 0.875
RandomForestClassifier: 0.875
LinearDiscriminantAnalysis: 0.875
KNeighborsClassifier: 0.8125
DecisionTreeClassifier: 0.8125
GaussianNB: 0.8125
VotingClassifier: 0.875

--------------------


2022-05-28 20:47:56.661059 ~ Model v70
SVC: 1.0
LogisticRegression: 1.0
RandomForestClassifier: 1.0
LinearDiscriminantAnalysis: 1.0
KNeighborsClassifier: 0.875
DecisionTreeClassifier: 0.875
GaussianNB: 0.875
VotingClassifier: 1.0

--------------------


2022-05-28 20:48:02.035164 ~ Model v71
SVC: 1.0
LogisticRegression: 1.0
RandomForestClassifier: 1.0
LinearDiscriminantAnalysis: 1.0
KNeighborsClassifier: 0.875
DecisionTreeClassifier: 1.0
GaussianNB: 0.5
VotingClassifier: 1.0

--------------------


2022-05-28 20:48:04.923878 ~ Model v72
SVC: 1.0
LogisticRegression: 1.0
RandomForestClassifier: 1.0
LinearDiscriminantAnalysis: 1.0
KNeighborsClassifier: 1.0
DecisionTreeClassifier: 1.0
GaussianNB: 1.0
VotingClassifier: 1.0
