
2022-05-29 18:35:50.718549 ~ Model v1
RandomForestClassifier: 0.5875
LogisticRegression: 0.5875
LinearDiscriminantAnalysis: 0.5875
KNeighborsClassifier: 0.425
DecisionTreeClassifier: 0.5875
SVC: 0.5875
GaussianNB: 0.5875
VotingClassifier: 0.5875

--------------------


2022-05-29 18:35:55.441162 ~ Model v2
RandomForestClassifier: 1.0
LogisticRegression: 1.0
LinearDiscriminantAnalysis: 1.0
KNeighborsClassifier: 1.0
DecisionTreeClassifier: 1.0
SVC: 1.0
GaussianNB: 0.125
VotingClassifier: 1.0

--------------------


2022-05-29 18:36:13.346978 ~ Model v3
RandomForestClassifier: 1.0
LogisticRegression: 1.0
LinearDiscriminantAnalysis: 1.0
KNeighborsClassifier: 1.0
DecisionTreeClassifier: 1.0
SVC: 1.0
GaussianNB: 0.859375
VotingClassifier: 1.0

--------------------


2022-05-29 18:36:18.403518 ~ Model v4
RandomForestClassifier: 1.0
LogisticRegression: 1.0
LinearDiscriminantAnalysis: 1.0
KNeighborsClassifier: 1.0
DecisionTreeClassifier: 1.0
SVC: 1.0
GaussianNB: 0.125
VotingClassifier: 1.0

--------------------


2022-05-29 18:36:23.535055 ~ Model v5
RandomForestClassifier: 1.0
LogisticRegression: 1.0
LinearDiscriminantAnalysis: 1.0
KNeighborsClassifier: 1.0
DecisionTreeClassifier: 1.0
SVC: 1.0
GaussianNB: 0.0625
VotingClassifier: 1.0

--------------------


2022-05-29 18:36:26.528594 ~ Model v6
RandomForestClassifier: 1.0
LogisticRegression: 1.0
LinearDiscriminantAnalysis: 1.0
KNeighborsClassifier: 1.0
DecisionTreeClassifier: 1.0
SVC: 1.0
GaussianNB: 0.125
VotingClassifier: 1.0

--------------------


2022-05-29 18:36:31.857940 ~ Model v7
RandomForestClassifier: 1.0
LogisticRegression: 1.0
LinearDiscriminantAnalysis: 1.0
KNeighborsClassifier: 1.0
DecisionTreeClassifier: 1.0
SVC: 1.0
GaussianNB: 0.1875
VotingClassifier: 1.0

--------------------


2022-05-29 18:36:50.429644 ~ Model v8
RandomForestClassifier: 0.609375
LogisticRegression: 0.609375
LinearDiscriminantAnalysis: 0.609375
KNeighborsClassifier: 0.609375
DecisionTreeClassifier: 0.609375
SVC: 0.609375
GaussianNB: 0.40625
VotingClassifier: 0.609375
